2025-02-17 07:38:23,024 - INFO - \U0001f680 FastAPI server starting up...
2025-02-17 07:38:23,208 - INFO - \U0001f680 FastAPI server starting up...
2025-02-17 08:39:44,043 - INFO - \U0001f680 FastAPI server starting up...
2025-02-17 08:39:44,073 - INFO - \U0001f680 FastAPI server starting up...
2025-02-17 08:39:44,148 - INFO - \U0001f680 FastAPI server starting up...
2025-02-17 08:42:23,865 - INFO - \U0001f680 FastAPI server starting up...
2025-02-17 08:42:23,875 - INFO - \U0001f680 FastAPI server starting up...
2025-02-17 08:42:23,968 - INFO - \U0001f680 FastAPI server starting up...
2025-02-17 08:44:31,507 - INFO - \U0001f680 FastAPI server starting up...
2025-02-17 08:44:31,573 - INFO - \U0001f680 FastAPI server starting up...
2025-02-17 08:44:31,589 - INFO - \U0001f680 FastAPI server starting up...
2025-02-17 08:44:31,616 - ERROR - Error reading `person`: 'NoneType' object has no attribute 'connect'
2025-02-17 08:48:16,199 - INFO - \U0001f680 FastAPI server starting up...
2025-02-17 08:48:16,278 - INFO - \U0001f680 FastAPI server starting up...
2025-02-17 08:48:16,346 - INFO - \U0001f680 FastAPI server starting up...
2025-02-17 08:48:23,881 - ERROR - Error reading `person`: 'NoneType' object has no attribute 'connect'
2025-02-17 08:49:02,103 - ERROR - Error reading `person`: 'NoneType' object has no attribute 'connect'
2025-02-17 08:49:24,471 - INFO - \U0001f680 FastAPI server starting up...
2025-02-17 08:49:24,485 - INFO - \U0001f680 FastAPI server starting up...
2025-02-17 08:49:24,605 - INFO - \U0001f680 FastAPI server starting up...
2025-02-17 08:49:42,177 - INFO - \U0001f680 FastAPI server starting up...
2025-02-17 08:49:42,261 - INFO - \U0001f680 FastAPI server starting up...
2025-02-17 08:49:42,278 - INFO - \U0001f680 FastAPI server starting up...
2025-02-17 08:49:42,312 - ERROR - Error reading `person`: 'NoneType' object has no attribute 'connect'
2025-02-17 08:49:55,836 - INFO - \U0001f680 FastAPI server starting up...
2025-02-17 08:49:55,971 - INFO - \U0001f680 FastAPI server starting up...
2025-02-17 08:49:57,083 - INFO - \U0001f680 FastAPI server starting up...
2025-02-17 08:52:51,647 - INFO - \U0001f680 FastAPI server starting up...
2025-02-17 08:52:51,654 - INFO - \U0001f680 FastAPI server starting up...
2025-02-17 08:52:51,738 - INFO - \U0001f680 FastAPI server starting up...
2025-02-17 08:52:55,458 - ERROR - Error reading `person`: 'NoneType' object has no attribute 'connect'
2025-02-17 08:54:21,778 - INFO - \U0001f680 FastAPI server starting up...
2025-02-17 08:54:21,783 - INFO - \U0001f680 FastAPI server starting up...
2025-02-17 08:54:21,861 - INFO - \U0001f680 FastAPI server starting up...
2025-02-17 08:54:41,556 - INFO - \U0001f680 FastAPI server starting up...
2025-02-17 08:54:41,591 - INFO - \U0001f680 FastAPI server starting up...
2025-02-17 08:54:41,645 - ERROR - Error reading `person`: 'NoneType' object has no attribute 'connect'
2025-02-17 08:54:41,656 - INFO - \U0001f680 FastAPI server starting up...
2025-02-17 08:56:29,307 - INFO - \U0001f680 FastAPI server starting up...
2025-02-17 08:56:29,319 - INFO - \U0001f680 FastAPI server starting up...
2025-02-17 08:56:29,393 - INFO - \U0001f680 FastAPI server starting up...
2025-02-17 08:56:41,797 - ERROR - Error reading `person`: 'DatabaseModel' object has no attribute 'execute'
2025-02-17 08:57:15,734 - INFO - \U0001f680 FastAPI server starting up...
2025-02-17 08:57:15,747 - INFO - \U0001f680 FastAPI server starting up...
2025-02-17 08:57:15,852 - INFO - \U0001f680 FastAPI server starting up...
2025-02-17 08:58:11,209 - INFO - \U0001f680 FastAPI server starting up...
2025-02-17 08:58:11,223 - INFO - \U0001f680 FastAPI server starting up...
2025-02-17 08:58:11,253 - ERROR - Error reading `person`: 'NoneType' object has no attribute 'connect'
2025-02-17 08:58:11,329 - INFO - \U0001f680 FastAPI server starting up...
2025-02-17 08:58:19,705 - ERROR - Error reading `person`: 'NoneType' object has no attribute 'connect'
2025-02-17 09:00:17,545 - INFO - \U0001f680 FastAPI server starting up...
2025-02-17 09:00:17,570 - INFO - \U0001f680 FastAPI server starting up...
2025-02-17 09:00:17,649 - INFO - \U0001f680 FastAPI server starting up...
2025-02-17 09:01:27,124 - INFO - \U0001f680 FastAPI server starting up...
2025-02-17 09:01:27,217 - INFO - \U0001f680 FastAPI server starting up...
2025-02-17 09:01:27,241 - INFO - \U0001f680 FastAPI server starting up...
2025-02-17 09:02:20,954 - INFO - \U0001f680 FastAPI server starting up...
2025-02-17 09:02:21,058 - INFO - \U0001f680 FastAPI server starting up...
2025-02-17 09:02:21,141 - INFO - \U0001f680 FastAPI server starting up...
2025-02-17 09:05:24,439 - INFO - \U0001f680 FastAPI server starting up...
2025-02-17 09:05:24,478 - INFO - \U0001f680 FastAPI server starting up...
2025-02-17 09:05:24,529 - INFO - \U0001f680 FastAPI server starting up...
2025-02-17 09:07:02,580 - INFO - \U0001f680 FastAPI server starting up...
2025-02-17 09:07:02,611 - INFO - \U0001f680 FastAPI server starting up...
2025-02-17 09:07:02,671 - INFO - \U0001f680 FastAPI server starting up...
2025-02-17 09:08:36,401 - INFO - \U0001f680 FastAPI server starting up...
2025-02-17 09:08:36,435 - INFO - \U0001f680 FastAPI server starting up...
2025-02-17 09:08:36,482 - INFO - \U0001f680 FastAPI server starting up...
2025-02-17 09:08:50,378 - INFO - \U0001f680 FastAPI server starting up...
2025-02-17 09:08:50,443 - INFO - \U0001f680 FastAPI server starting up...
2025-02-17 09:08:50,465 - INFO - \U0001f680 FastAPI server starting up...
2025-02-17 09:09:12,650 - INFO - \U0001f680 FastAPI server starting up...
2025-02-17 09:09:12,742 - INFO - \U0001f680 FastAPI server starting up...
2025-02-17 09:09:12,744 - INFO - \U0001f680 FastAPI server starting up...
2025-02-17 09:10:12,799 - INFO - \U0001f680 FastAPI server starting up...
2025-02-17 09:10:12,802 - INFO - \U0001f680 FastAPI server starting up...
2025-02-17 09:10:12,888 - INFO - \U0001f680 FastAPI server starting up...
2025-02-17 09:11:04,581 - INFO - \U0001f680 FastAPI server starting up...
2025-02-17 09:11:04,667 - INFO - \U0001f680 FastAPI server starting up...
2025-02-17 09:11:04,690 - INFO - \U0001f680 FastAPI server starting up...
2025-02-17 09:12:37,283 - INFO - \U0001f680 FastAPI server starting up...
2025-02-17 09:12:37,338 - INFO - \U0001f680 FastAPI server starting up...
2025-02-17 09:12:37,382 - INFO - \U0001f680 FastAPI server starting up...
2025-02-17 09:21:01,573 - INFO - \U0001f680 FastAPI server starting up...
2025-02-17 09:21:01,600 - INFO - \U0001f680 FastAPI server starting up...
2025-02-17 09:21:01,647 - INFO - \U0001f680 FastAPI server starting up...
2025-02-17 09:29:34,875 - INFO - \U0001f680 FastAPI server starting up...
2025-02-17 09:30:33,149 - INFO - \U0001f680 FastAPI server starting up...
2025-02-17 09:32:17,256 - INFO - \U0001f680 FastAPI server starting up...
2025-02-17 09:33:56,313 - INFO - \U0001f680 FastAPI server starting up...
2025-02-17 09:39:52,410 - INFO - \U0001f680 FastAPI server starting up...
2025-02-17 09:41:52,087 - INFO - \U0001f680 FastAPI server starting up...
2025-02-17 09:44:55,731 - INFO - \U0001f680 FastAPI server starting up...
2025-02-17 09:53:23,342 - INFO - \U0001f680 FastAPI server starting up...
2025-02-17 09:53:31,525 - INFO - \U0001f680 FastAPI server starting up...
2025-02-17 09:53:41,315 - ERROR - Database error: \u26a0\ufe0f Table `person` does not exist in the database.
2025-02-17 09:53:52,933 - ERROR - Database error: \u26a0\ufe0f Table `person` does not exist in the database.
2025-02-17 09:54:31,517 - INFO - \U0001f680 FastAPI server starting up...
2025-02-17 09:54:43,222 - INFO - \U0001f680 FastAPI server starting up...
2025-02-17 09:54:43,330 - ERROR - Database error: \u26a0\ufe0f Table `person` does not exist in the database.
2025-02-17 09:55:21,475 - INFO - \U0001f680 FastAPI server starting up...
2025-02-17 09:55:45,428 - INFO - \U0001f680 FastAPI server starting up...
2025-02-17 09:56:31,593 - INFO - \U0001f680 FastAPI server starting up...
2025-02-17 09:56:31,693 - ERROR - Database error: \u26a0\ufe0f Table `person` does not exist in the database.
2025-02-17 09:57:55,418 - ERROR - Database error: \u26a0\ufe0f Table `person` does not exist in the database.
2025-02-17 09:59:29,451 - INFO - \U0001f680 FastAPI server starting up...
2025-02-17 10:09:13,055 - INFO - \U0001f680 FastAPI server starting up...
2025-02-17 10:19:18,309 - INFO - \U0001f680 FastAPI server starting up...
2025-02-17 10:21:45,571 - INFO - \U0001f680 FastAPI server starting up...
2025-02-17 10:39:08,664 - INFO - \U0001f680 FastAPI server starting up...
2025-02-17 10:53:16,548 - INFO - \U0001f680 FastAPI server starting up...
2025-02-17 10:54:22,556 - INFO - \U0001f680 FastAPI server starting up...
2025-02-17 10:59:44,902 - INFO - \U0001f680 FastAPI server starting up...
2025-02-17 11:01:16,652 - INFO - \U0001f680 FastAPI server starting up...
2025-02-17 11:48:22,216 - INFO - \U0001f680 FastAPI server starting up...
2025-02-17 11:49:53,113 - INFO - \U0001f680 FastAPI server starting up...
2025-02-17 11:56:06,247 - INFO - \U0001f680 FastAPI server starting up...
2025-02-17 11:57:29,585 - INFO - \U0001f680 FastAPI server starting up...
2025-02-17 11:58:32,064 - INFO - \U0001f680 FastAPI server starting up...
2025-02-17 11:59:04,098 - INFO - \U0001f680 FastAPI server starting up...
2025-02-17 12:00:14,289 - INFO - \U0001f680 FastAPI server starting up...
2025-02-17 12:02:18,987 - INFO - \U0001f680 FastAPI server starting up...
2025-02-17 12:02:38,010 - INFO - \U0001f680 FastAPI server starting up...
2025-02-17 12:02:52,000 - INFO - \U0001f680 FastAPI server starting up...
2025-02-17 12:09:17,956 - INFO - \U0001f680 FastAPI server starting up...
2025-02-17 12:10:18,505 - INFO - \U0001f680 FastAPI server starting up...
2025-02-17 12:18:25,246 - INFO - \U0001f680 FastAPI server starting up...
2025-02-17 12:29:09,520 - INFO - \U0001f680 FastAPI server starting up...
2025-02-17 12:30:07,614 - INFO - \U0001f680 FastAPI server starting up...
2025-02-17 12:31:48,911 - INFO - \U0001f680 FastAPI server starting up...
2025-02-17 12:32:29,912 - INFO - \U0001f680 FastAPI server starting up...
2025-02-17 12:34:37,335 - INFO - \U0001f680 FastAPI server starting up...
2025-02-17 12:37:11,902 - INFO - \U0001f680 FastAPI server starting up...
2025-02-17 12:37:24,892 - INFO - \U0001f680 FastAPI server starting up...
2025-02-17 12:37:38,470 - INFO - \U0001f680 FastAPI server starting up...
2025-02-17 12:37:57,495 - INFO - \U0001f680 FastAPI server starting up...
2025-02-17 12:39:08,273 - INFO - \U0001f680 FastAPI server starting up...
2025-02-17 12:41:19,286 - INFO - \U0001f680 FastAPI server starting up...
2025-02-17 12:43:55,672 - INFO - \U0001f680 FastAPI server starting up...
2025-02-17 12:44:21,369 - INFO - \U0001f680 FastAPI server starting up...
2025-02-17 12:44:38,464 - INFO - \U0001f680 FastAPI server starting up...
2025-02-17 12:48:01,589 - INFO - \U0001f680 FastAPI server starting up...
2025-02-17 12:50:21,554 - INFO - \U0001f680 FastAPI server starting up...
2025-02-17 12:56:54,327 - INFO - \U0001f680 FastAPI server starting up...
2025-02-17 12:59:05,844 - INFO - \U0001f680 FastAPI server starting up...
2025-02-17 13:03:39,123 - INFO - \U0001f680 FastAPI server starting up...
2025-02-17 13:03:47,714 - INFO - \U0001f680 FastAPI server starting up...
2025-02-17 13:05:46,857 - INFO - \U0001f680 FastAPI server starting up...
2025-02-17 13:09:46,516 - INFO - \U0001f680 FastAPI server starting up...
2025-02-17 13:25:06,370 - INFO - \U0001f680 FastAPI server starting up...
2025-02-17 13:25:15,227 - INFO - \U0001f680 FastAPI server starting up...
2025-02-17 13:26:00,229 - INFO - \U0001f680 FastAPI server starting up...
2025-02-17 13:28:40,572 - INFO - \U0001f680 FastAPI server starting up...
2025-02-17 13:31:55,619 - INFO - \U0001f680 FastAPI server starting up...
2025-02-17 13:35:59,853 - INFO - \U0001f680 FastAPI server starting up...
2025-02-17 13:36:48,744 - INFO - \U0001f680 FastAPI server starting up...
2025-02-17 13:38:18,187 - INFO - \U0001f680 FastAPI server starting up...
2025-02-17 13:38:30,651 - INFO - \U0001f680 FastAPI server starting up...
2025-02-17 13:38:56,220 - INFO - \U0001f680 FastAPI server starting up...
2025-02-17 13:40:28,886 - INFO - \U0001f680 FastAPI server starting up...
2025-02-17 13:41:23,681 - INFO - \U0001f680 FastAPI server starting up...
2025-02-17 16:19:31,652 - INFO - \U0001f680 FastAPI server starting up...
2025-02-17 16:20:51,323 - INFO - \U0001f680 FastAPI server starting up...
2025-02-17 16:26:51,293 - INFO - \U0001f680 FastAPI server starting up...
2025-02-17 16:31:40,168 - INFO - \U0001f680 FastAPI server starting up...
2025-02-17 16:40:25,477 - INFO - \U0001f680 FastAPI server starting up...
2025-02-17 16:40:48,936 - INFO - \U0001f680 FastAPI server starting up...
2025-02-17 16:41:37,873 - INFO - \U0001f680 FastAPI server starting up...
2025-02-17 16:51:04,807 - INFO - \U0001f680 FastAPI server starting up...
2025-02-17 16:51:36,559 - INFO - \U0001f680 FastAPI server starting up...
2025-02-17 16:52:50,350 - INFO - \U0001f680 FastAPI server starting up...
2025-02-17 17:09:06,917 - INFO - \U0001f680 FastAPI server starting up...
2025-02-17 17:14:57,762 - INFO - \U0001f680 FastAPI server starting up...
2025-02-17 17:21:59,993 - INFO - \U0001f680 FastAPI server starting up...
2025-02-17 17:23:44,428 - INFO - \U0001f680 FastAPI server starting up...
2025-02-17 17:24:20,167 - INFO - \U0001f680 FastAPI server starting up...
2025-02-17 17:25:54,148 - INFO - \U0001f680 FastAPI server starting up...
2025-02-17 17:27:04,007 - INFO - \U0001f680 FastAPI server starting up...
2025-02-17 17:31:15,215 - INFO - \U0001f680 FastAPI server starting up...
2025-02-17 17:32:51,838 - INFO - \U0001f680 FastAPI server starting up...
2025-02-17 18:02:41,427 - INFO - \U0001f680 FastAPI server starting up...
2025-02-17 18:04:59,612 - INFO - \U0001f680 FastAPI server starting up...
2025-02-17 18:20:09,041 - INFO - \U0001f680 FastAPI server starting up...
2025-02-17 18:23:48,866 - INFO - \U0001f680 FastAPI server starting up...
2025-02-17 18:25:43,943 - INFO - \U0001f680 FastAPI server starting up...
2025-02-17 18:25:53,297 - INFO - \U0001f680 FastAPI server starting up...
2025-02-17 18:28:24,153 - INFO - \U0001f680 FastAPI server starting up...
2025-02-17 18:43:51,561 - INFO - \U0001f680 FastAPI server starting up...
2025-02-17 18:57:25,972 - INFO - \U0001f680 FastAPI server starting up...
2025-02-17 19:09:12,589 - INFO - \U0001f680 FastAPI server starting up...
2025-02-17 19:10:52,545 - INFO - \U0001f680 FastAPI server starting up...
2025-02-17 19:13:21,366 - INFO - \U0001f680 FastAPI server starting up...
2025-02-17 19:13:48,396 - INFO - \U0001f680 FastAPI server starting up...
2025-02-17 19:24:54,698 - INFO - \U0001f680 FastAPI server starting up...
2025-02-17 19:27:17,209 - INFO - \U0001f680 FastAPI server starting up...
2025-02-17 19:27:41,958 - ERROR - Error creating entries in `user1`: 'Session' object has no attribute 'primary_key'
2025-02-17 19:29:26,112 - ERROR - Error reading `user1`: 'Session' object has no attribute 'primary_key'
2025-02-17 19:32:06,110 - INFO - \U0001f680 FastAPI server starting up...
2025-02-17 19:34:57,485 - INFO - \U0001f680 FastAPI server starting up...
2025-02-17 19:35:20,571 - INFO - \U0001f680 FastAPI server starting up...
2025-02-17 19:35:44,077 - INFO - \U0001f680 FastAPI server starting up...
2025-02-17 19:38:07,493 - INFO - \U0001f680 FastAPI server starting up...
2025-02-17 19:38:19,110 - INFO - \U0001f680 FastAPI server starting up...
2025-02-17 19:38:26,650 - INFO - \U0001f680 FastAPI server starting up...
2025-02-17 19:38:42,868 - INFO - \U0001f680 FastAPI server starting up...
2025-02-17 19:39:01,570 - INFO - \U0001f680 FastAPI server starting up...
2025-02-17 19:39:30,270 - INFO - \U0001f680 FastAPI server starting up...
2025-02-17 19:39:37,269 - ERROR - Error reading `user1`: 'Session' object has no attribute 'primary_key'
2025-02-17 19:41:53,160 - INFO - \U0001f680 FastAPI server starting up...
2025-02-17 19:44:19,809 - INFO - \U0001f680 FastAPI server starting up...
2025-02-17 19:44:32,625 - ERROR - Error reading `user1`: DatabaseModel.execute() missing 1 required positional argument: 'data'
2025-02-17 19:44:39,380 - ERROR - Error reading `user1`: DatabaseModel.execute() missing 1 required positional argument: 'data'
2025-02-17 19:47:36,504 - INFO - \U0001f680 FastAPI server starting up...
2025-02-17 19:47:38,337 - ERROR - Error reading `user1`: DatabaseModel.execute() missing 1 required positional argument: 'data'
2025-02-17 19:50:23,717 - ERROR - Error reading `user1`: DatabaseModel.execute() missing 1 required positional argument: 'data'
2025-02-17 19:50:25,741 - ERROR - Error reading `user1`: DatabaseModel.execute() missing 1 required positional argument: 'data'
2025-02-17 19:52:35,514 - ERROR - Error reading `test_table`: DatabaseModel.execute() missing 1 required positional argument: 'data'
2025-02-17 19:53:24,650 - INFO - \U0001f680 FastAPI server starting up...
2025-02-17 19:53:25,466 - ERROR - Error reading `test_table`: DatabaseModel.execute() missing 1 required positional argument: 'data'
2025-02-17 19:55:18,878 - INFO - \U0001f680 FastAPI server starting up...
2025-02-17 19:57:19,962 - INFO - \U0001f680 FastAPI server starting up...
2025-02-17 19:59:00,303 - INFO - \U0001f680 FastAPI server starting up...
2025-02-17 20:01:12,305 - INFO - \U0001f680 FastAPI server starting up...
2025-02-17 20:04:08,529 - INFO - \U0001f680 FastAPI server starting up...
2025-02-17 20:08:16,716 - INFO - \U0001f680 FastAPI server starting up...
2025-02-17 20:09:11,770 - INFO - \U0001f680 FastAPI server starting up...
2025-02-17 20:10:21,340 - INFO - \U0001f680 FastAPI server starting up...
2025-02-17 20:12:29,997 - INFO - \U0001f680 FastAPI server starting up...
2025-02-17 20:15:49,619 - INFO - \U0001f680 FastAPI server starting up...
2025-02-17 20:19:44,970 - INFO - \U0001f680 FastAPI server starting up...
2025-02-17 20:31:37,583 - INFO - \U0001f680 FastAPI server starting up...
2025-02-17 20:33:38,122 - INFO - \U0001f680 FastAPI server starting up...
2025-02-17 20:33:38,123 - INFO - \U0001f680 FastAPI server starting up...
2025-02-17 20:36:43,458 - INFO - \U0001f680 FastAPI server starting up...
2025-02-17 20:39:25,087 - INFO - \U0001f680 FastAPI server starting up...
2025-02-17 20:42:02,253 - INFO - \U0001f680 FastAPI server starting up...
2025-02-17 20:52:35,202 - INFO - \U0001f680 FastAPI server starting up...
2025-02-17 20:53:25,439 - INFO - \U0001f680 FastAPI server starting up...
2025-02-17 20:53:38,740 - INFO - \U0001f680 FastAPI server starting up...
2025-02-17 20:54:27,587 - INFO - \U0001f680 FastAPI server starting up...
2025-02-17 20:57:11,837 - INFO - \U0001f680 FastAPI server starting up...
2025-02-17 20:57:30,735 - INFO - \U0001f680 FastAPI server starting up...
2025-02-17 21:00:37,450 - INFO - \U0001f680 FastAPI server starting up...
2025-02-17 21:00:37,742 - INFO - \U0001f680 FastAPI server starting up...
2025-02-17 21:00:57,959 - INFO - \U0001f680 FastAPI server starting up...
2025-02-17 21:00:58,005 - INFO - \U0001f680 FastAPI server starting up...
2025-02-17 21:02:06,063 - INFO - \U0001f680 FastAPI server starting up...
2025-02-17 21:02:56,868 - INFO - \U0001f680 FastAPI server starting up...
2025-02-17 21:10:53,492 - INFO - \U0001f680 FastAPI server starting up...
2025-02-17 21:13:23,380 - INFO - \U0001f680 FastAPI server starting up...
2025-02-17 21:14:42,435 - INFO - \U0001f680 FastAPI server starting up...
2025-02-17 21:16:20,679 - INFO - \U0001f680 FastAPI server starting up...
2025-02-17 21:37:44,163 - INFO - \U0001f680 FastAPI server starting up...
2025-02-17 21:38:12,974 - INFO - \U0001f680 FastAPI server starting up...
2025-02-17 21:38:47,956 - INFO - \U0001f680 FastAPI server starting up...
2025-02-17 21:39:02,388 - INFO - \U0001f680 FastAPI server starting up...
2025-02-17 21:42:11,089 - INFO - \U0001f680 FastAPI server starting up...
2025-02-17 21:42:43,024 - INFO - \U0001f680 FastAPI server starting up...
2025-02-17 21:43:31,911 - INFO - \U0001f680 FastAPI server starting up...
2025-02-17 21:44:41,185 - INFO - \U0001f680 FastAPI server starting up...
2025-02-17 21:46:34,373 - INFO - \U0001f680 FastAPI server starting up...
2025-02-17 21:47:29,996 - INFO - \U0001f680 FastAPI server starting up...
2025-02-17 21:50:54,995 - INFO - \U0001f680 FastAPI server starting up...
2025-02-17 21:52:04,835 - INFO - \U0001f680 FastAPI server starting up...
2025-02-17 21:58:02,180 - INFO - \U0001f680 FastAPI server starting up...
2025-02-17 21:59:47,171 - INFO - \U0001f680 FastAPI server starting up...
2025-02-17 22:01:04,254 - INFO - \U0001f680 FastAPI server starting up...
2025-02-17 22:01:44,459 - INFO - \U0001f680 FastAPI server starting up...
2025-02-17 22:01:59,835 - INFO - \U0001f680 FastAPI server starting up...
2025-02-17 22:02:14,719 - INFO - \U0001f680 FastAPI server starting up...
2025-02-17 22:02:42,645 - INFO - \U0001f680 FastAPI server starting up...
2025-02-17 22:03:20,438 - INFO - \U0001f680 FastAPI server starting up...
2025-02-17 22:03:53,667 - INFO - \U0001f680 FastAPI server starting up...
2025-02-17 22:05:42,643 - INFO - \U0001f680 FastAPI server starting up...
